2025-01-27 23:01:29,726 [INFO] Activator:176 - 


2025-01-27 23:01:29,728 [INFO] Activator:177 - !SESSION log4j initialized
2025-01-27 23:01:33,049 [INFO] LogOutputStream:77 - [STDOUT_REDIRECT] 
2025-01-27 23:01:35,028 [INFO] ApplicationProperties:184 - Using Application install path: C:\ST\STM32CubeIDE_1.17.0\STM32CubeIDE\plugins\com.st.stm32cube.common.mx_6.13.0.202411220809
2025-01-27 23:01:35,039 [INFO] DbMcusXml:78 - Set database path to: C:\ST\STM32CubeIDE_1.17.0\STM32CubeIDE\plugins\com.st.stm32cube.common.mx_6.13.0.202411220809\\db\/mcu/
2025-01-27 23:01:35,040 [INFO] ApiDb:274 - Set plugin database path to: C:\ST\STM32CubeIDE_1.17.0\STM32CubeIDE\plugins\com.st.stm32cube.common.mx_6.13.0.202411220809\\db\/plugins/boardmanager/
2025-01-27 23:01:35,040 [WARN] ApiDb:259 - Overriding images path with different value:  => C:\ST\STM32CubeIDE_1.17.0\STM32CubeIDE\plugins\com.st.stm32cube.common.mx_6.13.0.202411220809\\db\/plugins/mcufinder/images/
2025-01-27 23:01:36,306 [WARN] ApiFinderProperties:113 - C:\Users\tyw\.stmcufinder\plugins\mcufinder\mcu\mcuFinder.mfd doesn't exist
2025-01-27 23:01:36,306 [INFO] ApiDb:250 - Set database path to: C:\Users\tyw\.stmcufinder\plugins\mcufinder//mcu/
2025-01-27 23:01:36,308 [INFO] DbMcusAds:125 - Set database path to: C:\Users\tyw\.stmcufinder\plugins\mcufinder//mcu/
2025-01-27 23:01:36,309 [INFO] CrossReferenceDbSqlite:203 - Set database path to: C:\Users\tyw\.stmcufinder\plugins\mcufinder//mcu/cs/
2025-01-27 23:01:36,398 [INFO] RulesReader:64 - Compatibility file has been processed (297 Rules)
2025-01-27 23:01:36,466 [INFO] DbMcusXml:78 - Set database path to: C:\ST\STM32CubeIDE_1.17.0\STM32CubeIDE\plugins\com.st.stm32cube.common.mx_6.13.0.202411220809\\db\/mcu/
2025-01-27 23:01:36,466 [INFO] ApiDb:274 - Set plugin database path to: C:\ST\STM32CubeIDE_1.17.0\STM32CubeIDE\plugins\com.st.stm32cube.common.mx_6.13.0.202411220809\\db\/plugins/boardmanager/
2025-01-27 23:01:36,466 [INFO] ApiDb:261 - Set plugin images path to: C:\ST\STM32CubeIDE_1.17.0\STM32CubeIDE\plugins\com.st.stm32cube.common.mx_6.13.0.202411220809\\db\/plugins/mcufinder/images/
2025-01-27 23:01:36,466 [WARN] DbFile:41 - Overriding database path with different value: C:\Users\tyw\.stmcufinder\plugins\mcufinder/ => C:\Users\tyw\.stmcufinder\plugins\mcufinder
2025-01-27 23:01:36,467 [INFO] ApiDb:250 - Set database path to: C:\Users\tyw\.stmcufinder\plugins\mcufinder//mcu/
2025-01-27 23:01:36,467 [WARN] DbFile:41 - Overriding database path with different value: C:\Users\tyw\.stmcufinder\plugins\mcufinder/ => C:\Users\tyw\.stmcufinder\plugins\mcufinder
2025-01-27 23:01:36,467 [INFO] DbMcusAds:125 - Set database path to: C:\Users\tyw\.stmcufinder\plugins\mcufinder//mcu/
2025-01-27 23:01:36,467 [WARN] DbFile:41 - Overriding database path with different value: C:\Users\tyw\.stmcufinder\plugins\mcufinder/ => C:\Users\tyw\.stmcufinder\plugins\mcufinder
2025-01-27 23:01:36,467 [WARN] DbFile:41 - Overriding database path with different value: C:\Users\tyw\.stmcufinder\plugins\mcufinder/ => C:\Users\tyw\.stmcufinder\plugins\mcufinder
2025-01-27 23:01:36,467 [INFO] CrossReferenceDbSqlite:203 - Set database path to: C:\Users\tyw\.stmcufinder\plugins\mcufinder//mcu/cs/
2025-01-27 23:01:36,544 [INFO] MainPanel:272 - HeapMemory: 268435456
2025-01-27 23:01:36,628 [INFO] DbMcusXml:78 - Set database path to: C:\ST\STM32CubeIDE_1.17.0\STM32CubeIDE\plugins\com.st.stm32cube.common.mx_6.13.0.202411220809\\db\/mcu/
2025-01-27 23:01:36,628 [INFO] ApiDb:274 - Set plugin database path to: C:\ST\STM32CubeIDE_1.17.0\STM32CubeIDE\plugins\com.st.stm32cube.common.mx_6.13.0.202411220809\\db\/plugins/boardmanager/
2025-01-27 23:01:36,628 [INFO] ApiDb:261 - Set plugin images path to: C:\ST\STM32CubeIDE_1.17.0\STM32CubeIDE\plugins\com.st.stm32cube.common.mx_6.13.0.202411220809\\db\/plugins/mcufinder/images/
2025-01-27 23:01:36,629 [WARN] DbFile:41 - Overriding database path with different value: C:\Users\tyw\.stmcufinder\plugins\mcufinder/ => C:\Users\tyw\.stmcufinder\plugins\mcufinder
2025-01-27 23:01:36,629 [INFO] ApiDb:250 - Set database path to: C:\Users\tyw\.stmcufinder\plugins\mcufinder//mcu/
2025-01-27 23:01:36,629 [WARN] DbFile:41 - Overriding database path with different value: C:\Users\tyw\.stmcufinder\plugins\mcufinder/ => C:\Users\tyw\.stmcufinder\plugins\mcufinder
2025-01-27 23:01:36,629 [INFO] DbMcusAds:125 - Set database path to: C:\Users\tyw\.stmcufinder\plugins\mcufinder//mcu/
2025-01-27 23:01:36,629 [WARN] DbFile:41 - Overriding database path with different value: C:\Users\tyw\.stmcufinder\plugins\mcufinder/ => C:\Users\tyw\.stmcufinder\plugins\mcufinder
2025-01-27 23:01:36,629 [WARN] DbFile:41 - Overriding database path with different value: C:\Users\tyw\.stmcufinder\plugins\mcufinder/ => C:\Users\tyw\.stmcufinder\plugins\mcufinder
2025-01-27 23:01:36,629 [INFO] CrossReferenceDbSqlite:203 - Set database path to: C:\Users\tyw\.stmcufinder\plugins\mcufinder//mcu/cs/
2025-01-27 23:01:36,648 [INFO] ApplicationProperties:184 - Using Application install path: C:\ST\STM32CubeIDE_1.17.0\STM32CubeIDE\plugins\com.st.stm32cube.common.mx_6.13.0.202411220809
2025-01-27 23:01:36,649 [INFO] PluginManage:196 - Search for loadable plugins [exclusion list=, ]
2025-01-27 23:01:36,650 [INFO] PluginManage:310 - Check plugin analytics
2025-01-27 23:01:36,850 [INFO] AnalyticsPlugin:253 - Accepted Software Licenses: 
2025-01-27 23:01:36,851 [INFO] AnalyticsPlugin:255 - Accepted CMSIS Pack Licenses: 
2025-01-27 23:01:36,851 [INFO] AnalyticsPlugin:257 - Accepted Firmware Licenses: 
2025-01-27 23:01:36,854 [INFO] PluginManage:359 - Loaded plugin analytics (category:tool,tabindex:-1)
2025-01-27 23:01:36,855 [INFO] PluginManage:310 - Check plugin cadmodel
2025-01-27 23:01:36,861 [INFO] CADModel:105 - Init CAD model plugin
2025-01-27 23:01:36,861 [INFO] PluginManage:359 - Loaded plugin cadmodel (category:power,tabindex:5)
2025-01-27 23:01:36,861 [INFO] PluginManage:310 - Check plugin clock
2025-01-27 23:01:36,870 [INFO] PluginManage:359 - Loaded plugin clock (category:base,tabindex:2)
2025-01-27 23:01:36,870 [INFO] PluginManage:310 - Check plugin ddr
2025-01-27 23:01:36,872 [INFO] PluginManage:359 - Loaded plugin ddr (category:tool,tabindex:6)
2025-01-27 23:01:36,872 [INFO] PluginManage:310 - Check plugin filemanager
2025-01-27 23:01:37,079 [INFO] PluginManage:359 - Loaded plugin filemanager (category:base,tabindex:10)
2025-01-27 23:01:37,079 [INFO] PluginManage:310 - Check plugin ipmanager
2025-01-27 23:01:37,088 [INFO] PluginManage:359 - Loaded plugin ipmanager (category:base,tabindex:5)
2025-01-27 23:01:37,089 [INFO] PluginManage:310 - Check plugin lpbam
2025-01-27 23:01:37,096 [INFO] PluginManage:359 - Loaded plugin lpbam (category:base,tabindex:0)
2025-01-27 23:01:37,096 [INFO] PluginManage:310 - Check plugin memorymap
2025-01-27 23:01:37,107 [INFO] PluginManage:359 - Loaded plugin memorymap (category:base,tabindex:4)
2025-01-27 23:01:37,107 [INFO] PluginManage:310 - Check plugin pinoutandconfiguration
2025-01-27 23:01:37,115 [INFO] PluginManage:359 - Loaded plugin pinoutandconfiguration (category:base,tabindex:1)
2025-01-27 23:01:37,115 [INFO] PluginManage:310 - Check plugin pinoutconfig
2025-01-27 23:01:37,188 [WARN] SupportedApi:132 - Cannot load RTOS API schema: s4s-elt-must-match.1: The content of 'definitions' must match (annotation?, (simpleType | complexType)?, (unique | key | keyref)*)). A problem was found starting at: attribute.
2025-01-27 23:01:37,288 [INFO] PluginManage:359 - Loaded plugin pinoutconfig (category:base,tabindex:0)
2025-01-27 23:01:37,289 [INFO] PluginManage:310 - Check plugin power
2025-01-27 23:01:37,295 [INFO] PluginManage:359 - Loaded plugin power (category:power,tabindex:4)
2025-01-27 23:01:37,295 [INFO] PluginManage:310 - Check plugin projectmanager
2025-01-27 23:01:37,307 [INFO] PluginManage:359 - Loaded plugin projectmanager (category:projectmanager,tabindex:4)
2025-01-27 23:01:37,308 [INFO] PluginManage:310 - Check plugin rif
2025-01-27 23:01:37,312 [INFO] PluginManage:359 - Loaded plugin rif (category:base,tabindex:3)
2025-01-27 23:01:37,312 [INFO] PluginManage:310 - Check plugin thirdparty
2025-01-27 23:01:37,401 [INFO] PluginManage:359 - Loaded plugin thirdparty (category:base,tabindex:-1)
2025-01-27 23:01:37,401 [INFO] PluginManage:310 - Check plugin tools
2025-01-27 23:01:37,401 [WARN] IntegrityCheckThread:84 - waiting for thirdparty lock release [integrity check]
2025-01-27 23:01:37,402 [INFO] IntegrityCheckThread:86 - entering critical section [integrity check]
2025-01-27 23:01:37,402 [INFO] ThirdPartyUpdaterWithRetryManager:70 - Updater plugin not ready yet. [1/15]
2025-01-27 23:01:37,404 [INFO] PluginManage:359 - Loaded plugin tools (category:base,tabindex:7)
2025-01-27 23:01:37,404 [INFO] PluginManage:310 - Check plugin tutovideos
2025-01-27 23:01:37,521 [INFO] PluginManage:359 - Loaded plugin tutovideos (category:base,tabindex:-1)
2025-01-27 23:01:37,521 [INFO] PluginManage:310 - Check plugin updater
2025-01-27 23:01:37,537 [INFO] PluginManage:359 - Loaded plugin updater (category:base,tabindex:12)
2025-01-27 23:01:37,537 [INFO] PluginManage:310 - Check plugin userauth
2025-01-27 23:01:37,540 [INFO] UserAuth:118 - Init User Auth plugin
2025-01-27 23:01:37,540 [INFO] PluginManage:359 - Loaded plugin userauth (category:base,tabindex:14)
2025-01-27 23:01:37,541 [INFO] PluginManage:283 - PluginManage : Loaded plugins [18]
2025-01-27 23:01:37,696 [INFO] PinOutPanel:1589 - setPackage(No Configuration,No Configuration)
2025-01-27 23:01:37,759 [INFO] CADModel:165 - CPN selected for project level
2025-01-27 23:01:37,759 [INFO] CADModel:114 - Register for checkConnection events
2025-01-27 23:01:37,771 [INFO] IPUIPlugin:80 - create IPUIPlugin
2025-01-27 23:01:37,771 [INFO] PluginManager:220 - loadIPPluginJar : add adc
2025-01-27 23:01:37,773 [INFO] IPUIPlugin:80 - create IPUIPlugin
2025-01-27 23:01:37,773 [INFO] PluginManager:220 - loadIPPluginJar : add aes
2025-01-27 23:01:37,775 [INFO] IPUIPlugin:80 - create IPUIPlugin
2025-01-27 23:01:37,775 [INFO] PluginManager:220 - loadIPPluginJar : add can
2025-01-27 23:01:37,777 [INFO] IPUIPlugin:80 - create IPUIPlugin
2025-01-27 23:01:37,777 [INFO] PluginManager:220 - loadIPPluginJar : add comp
2025-01-27 23:01:37,779 [INFO] IPUIPlugin:80 - create IPUIPlugin
2025-01-27 23:01:37,779 [INFO] PluginManager:220 - loadIPPluginJar : add cryp
2025-01-27 23:01:37,781 [INFO] IPUIPlugin:80 - create IPUIPlugin
2025-01-27 23:01:37,781 [INFO] PluginManager:220 - loadIPPluginJar : add ddr_ctrl_phy
2025-01-27 23:01:37,783 [INFO] IPUIPlugin:80 - create IPUIPlugin
2025-01-27 23:01:37,783 [INFO] PluginManager:220 - loadIPPluginJar : add dfsdm
2025-01-27 23:01:37,787 [INFO] IPUIPlugin:80 - create IPUIPlugin
2025-01-27 23:01:37,787 [INFO] PluginManager:220 - loadIPPluginJar : add dma
2025-01-27 23:01:37,789 [INFO] IPUIPlugin:80 - create IPUIPlugin
2025-01-27 23:01:37,789 [INFO] PluginManager:220 - loadIPPluginJar : add dma3
2025-01-27 23:01:37,791 [INFO] IPUIPlugin:80 - create IPUIPlugin
2025-01-27 23:01:37,791 [INFO] PluginManager:220 - loadIPPluginJar : add extmemmanager
2025-01-27 23:01:37,793 [INFO] IPUIPlugin:80 - create IPUIPlugin
2025-01-27 23:01:37,793 [INFO] PluginManager:220 - loadIPPluginJar : add fatfs
2025-01-27 23:01:37,796 [INFO] IPUIPlugin:80 - create IPUIPlugin
2025-01-27 23:01:37,796 [INFO] PluginManager:220 - loadIPPluginJar : add fmc
2025-01-27 23:01:37,801 [INFO] IPUIPlugin:80 - create IPUIPlugin
2025-01-27 23:01:37,801 [INFO] PluginManager:220 - loadIPPluginJar : add freertos
2025-01-27 23:01:37,802 [INFO] IPUIPlugin:80 - create IPUIPlugin
2025-01-27 23:01:37,802 [INFO] PluginManager:220 - loadIPPluginJar : add genericplugin
2025-01-27 23:01:37,804 [INFO] IPUIPlugin:80 - create IPUIPlugin
2025-01-27 23:01:37,804 [INFO] PluginManager:220 - loadIPPluginJar : add gfxmmu
2025-01-27 23:01:37,808 [INFO] IPUIPlugin:80 - create IPUIPlugin
2025-01-27 23:01:37,808 [INFO] PluginManager:220 - loadIPPluginJar : add gic
2025-01-27 23:01:37,810 [INFO] IPUIPlugin:80 - create IPUIPlugin
2025-01-27 23:01:37,811 [INFO] PluginManager:220 - loadIPPluginJar : add gpio
2025-01-27 23:01:37,812 [INFO] IPUIPlugin:80 - create IPUIPlugin
2025-01-27 23:01:37,812 [INFO] PluginManager:220 - loadIPPluginJar : add gtzc
2025-01-27 23:01:37,814 [INFO] IPUIPlugin:80 - create IPUIPlugin
2025-01-27 23:01:37,814 [INFO] PluginManager:220 - loadIPPluginJar : add hash
2025-01-27 23:01:37,816 [INFO] IPUIPlugin:80 - create IPUIPlugin
2025-01-27 23:01:37,816 [INFO] PluginManager:220 - loadIPPluginJar : add i2c
2025-01-27 23:01:37,818 [INFO] IPUIPlugin:80 - create IPUIPlugin
2025-01-27 23:01:37,818 [INFO] PluginManager:220 - loadIPPluginJar : add i2s
2025-01-27 23:01:37,820 [INFO] IPUIPlugin:80 - create IPUIPlugin
2025-01-27 23:01:37,820 [INFO] PluginManager:220 - loadIPPluginJar : add i3c
2025-01-27 23:01:37,822 [INFO] IPUIPlugin:80 - create IPUIPlugin
2025-01-27 23:01:37,822 [INFO] PluginManager:220 - loadIPPluginJar : add ipddr
2025-01-27 23:01:37,827 [INFO] IPUIPlugin:80 - create IPUIPlugin
2025-01-27 23:01:37,827 [INFO] PluginManager:220 - loadIPPluginJar : add linkedlist
2025-01-27 23:01:37,829 [INFO] IPUIPlugin:80 - create IPUIPlugin
2025-01-27 23:01:37,829 [INFO] PluginManager:220 - loadIPPluginJar : add lorawan
2025-01-27 23:01:37,830 [INFO] IPUIPlugin:80 - create IPUIPlugin
2025-01-27 23:01:37,830 [INFO] PluginManager:220 - loadIPPluginJar : add ltdc
2025-01-27 23:01:37,834 [INFO] IPUIPlugin:80 - create IPUIPlugin
2025-01-27 23:01:37,834 [INFO] PluginManager:220 - loadIPPluginJar : add mdma
2025-01-27 23:01:37,836 [INFO] IPUIPlugin:80 - create IPUIPlugin
2025-01-27 23:01:37,836 [INFO] PluginManager:220 - loadIPPluginJar : add nvic
2025-01-27 23:01:37,839 [INFO] IPUIPlugin:80 - create IPUIPlugin
2025-01-27 23:01:37,839 [INFO] PluginManager:220 - loadIPPluginJar : add opamp
2025-01-27 23:01:37,841 [INFO] IPUIPlugin:80 - create IPUIPlugin
2025-01-27 23:01:37,841 [INFO] PluginManager:220 - loadIPPluginJar : add openamp
2025-01-27 23:01:37,843 [INFO] IPUIPlugin:80 - create IPUIPlugin
2025-01-27 23:01:37,844 [INFO] PluginManager:220 - loadIPPluginJar : add pdm2pcm
2025-01-27 23:01:37,848 [INFO] IPUIPlugin:80 - create IPUIPlugin
2025-01-27 23:01:37,850 [INFO] PluginManager:220 - loadIPPluginJar : add plateformsettings
2025-01-27 23:01:37,852 [INFO] IPUIPlugin:80 - create IPUIPlugin
2025-01-27 23:01:37,852 [INFO] PluginManager:220 - loadIPPluginJar : add quadspi
2025-01-27 23:01:37,854 [INFO] IPUIPlugin:80 - create IPUIPlugin
2025-01-27 23:01:37,855 [INFO] PluginManager:220 - loadIPPluginJar : add radio
2025-01-27 23:01:37,858 [INFO] IPUIPlugin:80 - create IPUIPlugin
2025-01-27 23:01:37,858 [INFO] PluginManager:220 - loadIPPluginJar : add resmgrutility
2025-01-27 23:01:37,861 [INFO] IPUIPlugin:80 - create IPUIPlugin
2025-01-27 23:01:37,861 [INFO] PluginManager:220 - loadIPPluginJar : add sai
2025-01-27 23:01:37,863 [INFO] IPUIPlugin:80 - create IPUIPlugin
2025-01-27 23:01:37,863 [INFO] PluginManager:220 - loadIPPluginJar : add spi
2025-01-27 23:01:37,868 [INFO] IPUIPlugin:80 - create IPUIPlugin
2025-01-27 23:01:37,868 [INFO] PluginManager:220 - loadIPPluginJar : add stm32_wpan
2025-01-27 23:01:37,870 [INFO] IPUIPlugin:80 - create IPUIPlugin
2025-01-27 23:01:37,870 [INFO] PluginManager:220 - loadIPPluginJar : add tim
2025-01-27 23:01:37,872 [INFO] IPUIPlugin:80 - create IPUIPlugin
2025-01-27 23:01:37,873 [INFO] PluginManager:220 - loadIPPluginJar : add touchsensing
2025-01-27 23:01:37,874 [INFO] IPUIPlugin:80 - create IPUIPlugin
2025-01-27 23:01:37,875 [INFO] PluginManager:220 - loadIPPluginJar : add tracer_emb
2025-01-27 23:01:37,876 [INFO] IPUIPlugin:80 - create IPUIPlugin
2025-01-27 23:01:37,876 [INFO] PluginManager:220 - loadIPPluginJar : add ts
2025-01-27 23:01:37,877 [INFO] IPUIPlugin:80 - create IPUIPlugin
2025-01-27 23:01:37,878 [INFO] PluginManager:220 - loadIPPluginJar : add tsc
2025-01-27 23:01:37,879 [INFO] IPUIPlugin:80 - create IPUIPlugin
2025-01-27 23:01:37,879 [INFO] PluginManager:220 - loadIPPluginJar : add ucpd
2025-01-27 23:01:37,881 [INFO] IPUIPlugin:80 - create IPUIPlugin
2025-01-27 23:01:37,881 [INFO] PluginManager:220 - loadIPPluginJar : add usart
2025-01-27 23:01:37,884 [INFO] IPUIPlugin:80 - create IPUIPlugin
2025-01-27 23:01:37,884 [INFO] PluginManager:220 - loadIPPluginJar : add usbx
2025-01-27 23:01:38,007 [FATAL] Updater:351 - Updater called before beeing initialized
2025-01-27 23:01:38,026 [INFO] RulesReader:64 - Compatibility file has been processed (297 Rules)
2025-01-27 23:01:38,035 [INFO] RulesReader:64 - Compatibility file has been processed (297 Rules)
2025-01-27 23:01:38,040 [INFO] CADModel:165 - CPN selected for project level
2025-01-27 23:01:38,040 [INFO] CADModel:114 - Register for checkConnection events
2025-01-27 23:01:38,040 [FATAL] Updater:351 - Updater called before beeing initialized
2025-01-27 23:01:38,040 [ERROR] CADModel:125 - Updater not yet initialized, retry later 
2025-01-27 23:01:38,202 [FATAL] Updater:351 - Updater called before beeing initialized
2025-01-27 23:01:38,204 [INFO] CADModel:165 - CPN selected for project level
2025-01-27 23:01:38,205 [INFO] CADModel:114 - Register for checkConnection events
2025-01-27 23:01:38,205 [FATAL] Updater:351 - Updater called before beeing initialized
2025-01-27 23:01:38,205 [ERROR] CADModel:125 - Updater not yet initialized, retry later 
2025-01-27 23:01:38,209 [FATAL] Updater:351 - Updater called before beeing initialized
2025-01-27 23:01:38,335 [FATAL] Updater:351 - Updater called before beeing initialized
2025-01-27 23:01:38,339 [INFO] DbMcusAds:53 - JSON generation date=Thu Sep 30 09:55:09 MSK 2021 (1632984909247)
2025-01-27 23:01:38,339 [FATAL] Updater:351 - Updater called before beeing initialized
2025-01-27 23:01:38,367 [WARN] DetailPanel:346 - Failed to get advertising image, set to default
2025-01-27 23:01:38,604 [FATAL] Updater:351 - Updater called before beeing initialized
2025-01-27 23:01:38,606 [FATAL] Updater:351 - Updater called before beeing initialized
2025-01-27 23:01:38,606 [FATAL] Updater:351 - Updater called before beeing initialized
2025-01-27 23:01:38,606 [WARN] DetailPanel:346 - Failed to get advertising image, set to default
2025-01-27 23:01:38,607 [FATAL] Updater:351 - Updater called before beeing initialized
2025-01-27 23:01:38,647 [ERROR] Updater:1198 - MainUpdater not yet initialized. External WinMGr cannot be set.
2025-01-27 23:01:38,649 [INFO] Updater:1134 - Updater Version found : 6.13.0
2025-01-27 23:01:38,662 [INFO] ApplicationProperties:184 - Using Application install path: C:\ST\STM32CubeIDE_1.17.0\STM32CubeIDE\plugins\com.st.stm32cube.common.mx_6.13.0.202411220809
2025-01-27 23:01:40,229 [ERROR] LogOutputStream:75 - [STDERR_REDIRECT] Jan 27, 2025 11:01:40 PM java.util.prefs.WindowsPreferences <init>
2025-01-27 23:01:40,231 [ERROR] LogOutputStream:75 - [STDERR_REDIRECT] WARNING: Could not open/create prefs root node Software\JavaSoft\Prefs at root 0xffffffff80000002. Windows RegCreateKeyEx(...) returned error code 5.
2025-01-27 23:01:40,231 [ERROR] LogOutputStream:75 - [STDERR_REDIRECT] 
2025-01-27 23:01:40,248 [INFO] MainUpdater:525 - Copy updater definitions from MX database
2025-01-27 23:01:40,286 [INFO] MainUpdater:558 - Copy flag file definitions from MX database
2025-01-27 23:01:40,288 [INFO] MainUpdater:574 - Copy thirdparty index definitions from MX database
2025-01-27 23:01:40,290 [INFO] MainUpdater:593 - Copy default thirdparty db definitions from MX database
2025-01-27 23:01:40,403 [INFO] ThirdPartyUpdaterWithRetryManager:70 - Updater plugin not ready yet. [2/15]
2025-01-27 23:01:40,621 [ERROR] CheckConnectionManager:249 - Problem, Http access forbiden
2025-01-27 23:01:40,626 [INFO] MainUpdater:2872 - connection check result : 22
2025-01-27 23:01:40,627 [INFO] MainUpdater:289 - Updater Check For Update Now.
2025-01-27 23:01:40,627 [INFO] MicroXplorer:498 - Change Database Version : DB.6.0.130
2025-01-27 23:01:40,635 [INFO] McuFinderGlobals:63 - Set McuFinder mode to 2 (CubeIDE integrated)
2025-01-27 23:01:40,635 [INFO] UserAuth:171 - activating auth plugin
2025-01-27 23:01:40,639 [INFO] UserAuth:486 - Internet connection configuration mode: 2
2025-01-27 23:01:40,666 [INFO] UserAuth:486 - Internet connection configuration mode: 2
2025-01-27 23:01:40,795 [WARN] CheckServerUpdateThread:151 - Open CheckUpdateFile Fail
2025-01-27 23:01:40,927 [INFO] CheckServerUpdateThread:120 - End of CheckServer Thread
2025-01-27 23:01:43,493 [INFO] ThirdParty:978 - Integrity check success = true
2025-01-27 23:01:43,493 [INFO] IntegrityCheckThread:100 - exiting critical section [integrity check]
2025-01-27 23:01:43,493 [INFO] IntegrityCheckThread:103 - End integrity checks thread
2025-01-27 23:02:03,674 [ERROR] LogOutputStream:75 - [STDERR_REDIRECT] 
